0 info it worked if it ends with ok
1 verbose cli [ '/usr/bin/nodejs', '/usr/bin/npm', 'run', 'dev-server' ]
2 info using npm@3.5.2
3 info using node@v4.2.6
4 verbose run-script [ 'predev-server', 'dev-server', 'postdev-server' ]
5 info lifecycle cwa@1.0.0~predev-server: cwa@1.0.0
6 silly lifecycle cwa@1.0.0~predev-server: no script for predev-server, continuing
7 info lifecycle cwa@1.0.0~dev-server: cwa@1.0.0
8 verbose lifecycle cwa@1.0.0~dev-server: unsafe-perm in lifecycle true
9 verbose lifecycle cwa@1.0.0~dev-server: PATH: /usr/share/npm/bin/node-gyp-bin:/home/user/Desktop/CWA-Volunteer-Scheduler/node_modules/.bin:/home/user/bin:/home/user/.local/bin:/usr/local/sbin:/usr/local/bin:/usr/sbin:/usr/bin:/sbin:/bin:/usr/games:/usr/local/games:/snap/bin
10 verbose lifecycle cwa@1.0.0~dev-server: CWD: /home/user/Desktop/CWA-Volunteer-Scheduler
11 silly lifecycle cwa@1.0.0~dev-server: Args: [ '-c',
11 silly lifecycle   'webpack-dev-server --history-api-fallback --config webpack.config.js --content-base src --progress --color --inline --hot --host 0.0.0.0 --port 8080' ]
12 info lifecycle cwa@1.0.0~dev-server: Failed to exec dev-server script
13 verbose stack Error: cwa@1.0.0 dev-server: `webpack-dev-server --history-api-fallback --config webpack.config.js --content-base src --progress --color --inline --hot --host 0.0.0.0 --port 8080`
13 verbose stack spawn ENOENT
13 verbose stack     at ChildProcess.<anonymous> (/usr/share/npm/lib/utils/spawn.js:17:16)
13 verbose stack     at emitTwo (events.js:87:13)
13 verbose stack     at ChildProcess.emit (events.js:172:7)
13 verbose stack     at maybeClose (internal/child_process.js:821:16)
13 verbose stack     at Process.ChildProcess._handle.onexit (internal/child_process.js:211:5)
14 verbose pkgid cwa@1.0.0
15 verbose cwd /home/user/Desktop/CWA-Volunteer-Scheduler
16 error Linux 4.4.0-36-generic
17 error argv "/usr/bin/nodejs" "/usr/bin/npm" "run" "dev-server"
18 error node v4.2.6
19 error npm  v3.5.2
20 error file sh
21 error code ELIFECYCLE
22 error errno ENOENT
23 error syscall spawn
24 error cwa@1.0.0 dev-server: `webpack-dev-server --history-api-fallback --config webpack.config.js --content-base src --progress --color --inline --hot --host 0.0.0.0 --port 8080`
24 error spawn ENOENT
25 error Failed at the cwa@1.0.0 dev-server script 'webpack-dev-server --history-api-fallback --config webpack.config.js --content-base src --progress --color --inline --hot --host 0.0.0.0 --port 8080'.
25 error Make sure you have the latest version of node.js and npm installed.
25 error If you do, this is most likely a problem with the cwa package,
25 error not with npm itself.
25 error Tell the author that this fails on your system:
25 error     webpack-dev-server --history-api-fallback --config webpack.config.js --content-base src --progress --color --inline --hot --host 0.0.0.0 --port 8080
25 error You can get information on how to open an issue for this project with:
25 error     npm bugs cwa
25 error Or if that isn't available, you can get their info via:
25 error     npm owner ls cwa
25 error There is likely additional logging output above.
26 verbose exit [ 1, true ]
